<?xml version="1.0" encoding="UTF-8"?>
<!-- Generated by org.testng.reporters.JUnitReportReporter -->
<testsuite hostname="LAPTOP-M408FRMV" failures="0" tests="3" name="testScript.TestClass" time="619.685" errors="0" timestamp="2021-05-12T11:43:44 IST" skipped="0">
  <testcase classname="testScript.TestClass" name="HospitalList" time="165.160"/>
  <system-out/>
  <testcase classname="testScript.TestClass" name="DiagonosticsPage" time="20.611"/>
  <system-out/>
  <testcase classname="testScript.TestClass" name="corporateWellnessPage" time="433.914"/>
  <system-out/>
</testsuite> <!-- testScript.TestClass -->
