<?xml version="1.0" encoding="UTF-8"?>
<!-- Generated by org.testng.reporters.JUnitReportReporter -->
<testsuite hostname="LAPTOP-M408FRMV" failures="0" tests="3" name="com.testScript.TestClass" time="506.071" errors="0" timestamp="2021-05-17T14:16:32 IST" skipped="0">
  <testcase classname="com.testScript.TestClass" name="hospitalList" time="110.184"/>
  <system-out/>
  <testcase classname="com.testScript.TestClass" name="diagonosticsPage" time="7.376"/>
  <system-out/>
  <testcase classname="com.testScript.TestClass" name="corporateWellnessPage" time="388.511"/>
  <system-out/>
</testsuite> <!-- com.testScript.TestClass -->
