<?xml version="1.0" encoding="UTF-8"?>
<!-- Generated by org.testng.reporters.JUnitReportReporter -->
<testsuite hostname="ADMIN-PC" failures="0" tests="3" name="com.testScript.TestClass" time="490.888" errors="0" timestamp="22 May 2021 07:45:52 GMT" skipped="0">
  <testcase classname="com.testScript.TestClass" name="hospitalList" time="101.180"/>
  <testcase classname="com.testScript.TestClass" name="diagonosticsPage" time="5.143"/>
  <testcase classname="com.testScript.TestClass" name="corporateWellnessPage" time="384.565"/>
</testsuite> <!-- com.testScript.TestClass -->
