<?xml version="1.0" encoding="UTF-8"?>
<!-- Generated by org.testng.reporters.JUnitReportReporter -->
<testsuite skipped="0" hostname="ADMIN-PC" name="com.testScript.TestClass" tests="3" failures="0" timestamp="18 May 2021 03:39:56 GMT" time="559.971" errors="0">
  <testcase name="hospitalList" time="164.660" classname="com.testScript.TestClass"/>
  <testcase name="diagonosticsPage" time="6.947" classname="com.testScript.TestClass"/>
  <testcase name="corporateWellnessPage" time="388.364" classname="com.testScript.TestClass"/>
</testsuite> <!-- com.testScript.TestClass -->
